2019/04/15 15:33:05: Peer 1003 has the preferred neighbors 0,0.
2019/04/15 15:33:05: Peer 1003 makes a connection to Peer 1001.
2019/04/15 15:33:05: Peer 1003 received the 'not interested' message from 1001.
2019/04/15 15:33:05: Peer 1003 makes a connection to Peer 1002.
2019/04/15 15:33:05: Peer 1003 received the 'not interested' message from 1002.
2019/04/15 15:33:05: Peer 1003 is unchoked by 1002.
2019/04/15 15:33:05: Peer 1003 has downloaded the piece 0 from 1002.
Now the number of pieces it has is 1.
2019/04/15 15:33:05: Peer 1003 received the 'not interested' message from 1001.
2019/04/15 15:33:05: Peer 1003 has downloaded the piece 4 from 1002.
Now the number of pieces it has is 2.
2019/04/15 15:33:05: Peer 1003 received the 'not interested' message from 1002.
2019/04/15 15:33:05: Peer 1003 received the 'not interested' message from 1001.
2019/04/15 15:33:05: Peer 1003 has downloaded the piece 6 from 1002.
Now the number of pieces it has is 3.
2019/04/15 15:33:05: Peer 1003 received the 'not interested' message from 1002.
2019/04/15 15:33:05: Peer 1003 received the 'not interested' message from 1001.
2019/04/15 15:33:05: Peer 1003 received the 'not interested' message from 1002.
2019/04/15 15:33:05: Peer 1003 is unchoked by 1001.
2019/04/15 15:33:05: Peer 1003 has downloaded the piece 3 from 1001.
Now the number of pieces it has is 4.
2019/04/15 15:33:05: Peer 1003 received the 'have' message from 1002 for the piece 7.
2019/04/15 15:33:05: Peer 1003 has downloaded the piece 1 from 1001.
Now the number of pieces it has is 5.
2019/04/15 15:33:05: Peer 1003 received the 'not interested' message from 1001.
2019/04/15 15:33:05: Peer 1003 received the 'interested' message from 1002.
2019/04/15 15:33:05: Peer 1003 received the 'have' message from 1002 for the piece 5.
2019/04/15 15:33:05: Peer 1003 received the 'interested' message from 1002.
2019/04/15 15:33:05: Peer 1003 has downloaded the piece 2 from 1001.
Now the number of pieces it has is 6.
2019/04/15 15:33:05: Peer 1003 received the 'not interested' message from 1001.
2019/04/15 15:33:05: Peer 1003 received the 'have' message from 1002 for the piece 3.
2019/04/15 15:33:05: Peer 1003 received the 'not interested' message from 1001.
2019/04/15 15:33:05: Peer 1003 received the 'interested' message from 1002.
2019/04/15 15:33:05: Peer 1003 has the optimistically unchoked neighbor 1002.
2019/04/15 15:33:05: Peer 1003 received the 'have' message from 1002 for the piece 1.
2019/04/15 15:33:05: Peer 1003 received the 'have' message from 1002 for the piece 2.
2019/04/15 15:33:07: Peer 1003 is connected from Peer 1004.
2019/04/15 15:33:07: Peer 1003 received the 'interested' message from 1004.
2019/04/15 15:33:08: Peer 1003 received the 'have' message from 1004 for the piece 4.
2019/04/15 15:33:08: Peer 1003 received the 'have' message from 1004 for the piece 5.
2019/04/15 15:33:08: Peer 1003 received the 'have' message from 1004 for the piece 3.
2019/04/15 15:33:08: Peer 1003 is unchoked by 1004.
2019/04/15 15:33:08: Peer 1003 has downloaded the piece 5 from 1004.
Now the number of pieces it has is 7.
2019/04/15 15:33:08: Peer 1003 received the 'not interested' message from 1001.
2019/04/15 15:33:08: Peer 1003 received the 'interested' message from 1004.
2019/04/15 15:33:08: Peer 1003 received the 'not interested' message from 1002.
2019/04/15 15:33:09: Peer 1003 is connected from Peer 1005.
2019/04/15 15:33:09: Peer 1003 received the 'interested' message from 1005.
2019/04/15 15:33:10: Peer 1003 has the preferred neighbors 1004,1005.
2019/04/15 15:33:10: Peer 1003 received the 'have' message from 1005 for the piece 4.
2019/04/15 15:33:10: Peer 1003 received the 'have' message from 1005 for the piece 5.
2019/04/15 15:33:10: Peer 1003 is choked by 1005.
2019/04/15 15:33:10: Peer 1003 received the 'have' message from 1005 for the piece 1.
2019/04/15 15:33:10: Peer 1003 received the 'have' message from 1004 for the piece 1.
2019/04/15 15:33:10: Peer 1003 is choked by 1004.
2019/04/15 15:33:10: Peer 1003 is unchoked by 1001.
2019/04/15 15:33:10: Peer 1003 has downloaded the piece 7 from 1001.
Now the number of pieces it has is 8.
2019/04/15 15:33:10: Peer 1003 has downloaded the complete file 
2019/04/15 15:33:10: Peer 1003 received the 'have' message from 1004 for the piece 6.
2019/04/15 15:33:10: Peer 1003 received the 'have' message from 1004 for the piece 2.
2019/04/15 15:33:10: Peer 1003 received the 'interested' message from 1004.
2019/04/15 15:33:10: Peer 1003 received the 'not interested' message from 1002.2019/04/15 15:33:10: Peer 1003 received the 'not interested' message from 1001.

2019/04/15 15:33:10: Peer 1003 received the 'have' message from 1004 for the piece 7.
2019/04/15 15:33:10: Peer 1003 received the 'interested' message from 1005.
2019/04/15 15:33:11: Peer 1003 is connected from Peer 1006.
2019/04/15 15:33:11: Peer 1003 received the 'interested' message from 1006.
2019/04/15 15:33:12: Peer 1003 received the 'have' message from 1006 for the piece 2.
2019/04/15 15:33:12: Peer 1003 received the 'have' message from 1006 for the piece 3.
2019/04/15 15:33:12: Peer 1003 received the 'have' message from 1006 for the piece 4.
2019/04/15 15:33:12: Peer 1003 received the 'have' message from 1005 for the piece 2.
2019/04/15 15:33:12: Peer 1003 received the 'have' message from 1005 for the piece 3.
2019/04/15 15:33:13: Peer 1003 received the 'have' message from 1005 for the piece 6.
2019/04/15 15:33:13: Peer 1003 received the 'have' message from 1005 for the piece 0.
2019/04/15 15:33:13: Peer 1003 received the 'have' message from 1004 for the piece 0.
2019/04/15 15:33:13: Peer 1003 received the 'have' message from 1005 for the piece 7.
2019/04/15 15:33:15: Peer 1003 has the preferred neighbors 1005,1006.
2019/04/15 15:33:15: Peer 1003 received the 'have' message from 1006 for the piece 6.
2019/04/15 15:33:15: Peer 1003 received the 'have' message from 1006 for the piece 5.
2019/04/15 15:33:15: Peer 1003 is choked by 1006.
2019/04/15 15:33:15: Peer 1003 received the 'have' message from 1006 for the piece 1.
2019/04/15 15:33:15: Peer 1003 is unchoked by 1001.
2019/04/15 15:33:15: Peer 1003 received the 'have' message from 1006 for the piece 7.
2019/04/15 15:33:15: Peer 1003 received the 'have' message from 1006 for the piece 0.
