2019/04/12 00:32:39: Peer 1006 has the preferred neighbors 0,0.
2019/04/12 00:32:39: Peer 1006 makes a connection to Peer 1001.
2019/04/12 00:32:39: Peer 1006 received the 'not interested' message from 1001.
2019/04/12 00:32:39: Peer 1006 makes a connection to Peer 1002.
2019/04/12 00:32:39: Peer 1006 received the 'not interested' message from 1002.
2019/04/12 00:32:39: Peer 1006 makes a connection to Peer 1003.
2019/04/12 00:32:39: Peer 1006 received the 'not interested' message from 1003.
2019/04/12 00:32:39: Peer 1006 makes a connection to Peer 1004.
2019/04/12 00:32:39: Peer 1006 received the 'not interested' message from 1004.
2019/04/12 00:32:39: Peer 1006 makes a connection to Peer 1005.
2019/04/12 00:32:39: Peer 1006 received the 'not interested' message from 1005.
2019/04/12 00:32:40: Peer 1006 received the 'have' message from 1004 for the piece 6.
2019/04/12 00:32:40: Peer 1006 received the 'have' message from 1005 for the piece 4.
2019/04/12 00:32:40: Peer 1006 received the 'have' message from 1004 for the piece 3.
2019/04/12 00:32:40: Peer 1006 received the 'have' message from 1005 for the piece 7.
2019/04/12 00:32:40: Peer 1006 received the 'have' message from 1005 for the piece 6.
2019/04/12 00:32:40: Peer 1006 received the 'have' message from 1004 for the piece 4.
2019/04/12 00:32:41: Peer 1006 received the 'have' message from 1003 for the piece 6.
2019/04/12 00:32:41: Peer 1006 received the 'have' message from 1002 for the piece 6.
2019/04/12 00:32:42: Peer 1006 is unchoked by 1002.
2019/04/12 00:32:42: Peer 1006 has downloaded the piece 4 from 1002.
Now the number of pieces it has is 1.
2019/04/12 00:32:42: Peer 1006 received the 'have' message from 1005 for the piece 1.
2019/04/12 00:32:42: Peer 1006 has downloaded the piece 3 from 1002.
Now the number of pieces it has is 2.
2019/04/12 00:32:42: Peer 1006 received the 'not interested' message from 1002.
2019/04/12 00:32:42: Peer 1006 received the 'not interested' message from 1003.
2019/04/12 00:32:42: Peer 1006 received the 'not interested' message from 1001.2019/04/12 00:32:42: Peer 1006 received the 'not interested' message from 1004.
2019/04/12 00:32:42: Peer 1006 received the 'not interested' message from 1004.
2019/04/12 00:32:42: Peer 1006 received the 'not interested' message from 1005.
2019/04/12 00:32:42: Peer 1006 received the 'interested' message from 1005.

2019/04/12 00:32:42: Peer 1006 received the 'not interested' message from 1001.
2019/04/12 00:32:42: Peer 1006 received the 'not interested' message from 1003.
2019/04/12 00:32:43: Peer 1006 has downloaded the piece 6 from 1002.
Now the number of pieces it has is 3.
2019/04/12 00:32:43: Peer 1006 received the 'not interested' message from 1002.
2019/04/12 00:32:43: Peer 1006 received the 'not interested' message from 1001.
2019/04/12 00:32:43: Peer 1006 received the 'not interested' message from 1003.
2019/04/12 00:32:43: Peer 1006 received the 'not interested' message from 1002.
2019/04/12 00:32:43: Peer 1006 received the 'not interested' message from 1004.
2019/04/12 00:32:43: Peer 1006 received the 'not interested' message from 1005.
2019/04/12 00:32:43: Peer 1006 received the 'have' message from 1005 for the piece 3.
2019/04/12 00:32:43: Peer 1006 is unchoked by 1005.
2019/04/12 00:32:43: Peer 1006 has downloaded the piece 2 from 1005.
Now the number of pieces it has is 4.
2019/04/12 00:32:43: Peer 1006 has downloaded the piece 5 from 1005.
Now the number of pieces it has is 5.
2019/04/12 00:32:43: Peer 1006 received the 'not interested' message from 1005.
2019/04/12 00:32:43: Peer 1006 received the 'not interested' message from 1001.
2019/04/12 00:32:43: Peer 1006 received the 'not interested' message from 1002.
2019/04/12 00:32:43: Peer 1006 received the 'not interested' message from 1003.
2019/04/12 00:32:43: Peer 1006 received the 'not interested' message from 1004.
2019/04/12 00:32:43: Peer 1006 received the 'not interested' message from 1001.
2019/04/12 00:32:43: Peer 1006 received the 'not interested' message from 1002.
2019/04/12 00:32:43: Peer 1006 received the 'not interested' message from 1003.
2019/04/12 00:32:43: Peer 1006 has downloaded the piece 0 from 1005.
Now the number of pieces it has is 6.
2019/04/12 00:32:43: Peer 1006 received the 'not interested' message from 1004.
2019/04/12 00:32:43: Peer 1006 received the 'not interested' message from 1005.
2019/04/12 00:32:43: Peer 1006 received the 'not interested' message from 1001.
2019/04/12 00:32:43: Peer 1006 received the 'not interested' message from 1002.
2019/04/12 00:32:43: Peer 1006 received the 'not interested' message from 1003.
2019/04/12 00:32:43: Peer 1006 received the 'not interested' message from 1004.
2019/04/12 00:32:43: Peer 1006 received the 'not interested' message from 1005.
2019/04/12 00:32:44: Peer 1006 is unchoked by 1003.
2019/04/12 00:32:44: Peer 1006 has downloaded the piece 1 from 1003.
Now the number of pieces it has is 7.
2019/04/12 00:32:44: Peer 1006 has downloaded the piece 7 from 1003.
Now the number of pieces it has is 8.
2019/04/12 00:32:44: Peer 1006 has downloaded the complete file 
2019/04/12 00:32:44: Peer 1006 received the 'not interested' message from 1002.
2019/04/12 00:32:44: Peer 1006 received the 'not interested' message from 1001.
2019/04/12 00:32:44: Peer 1006 received the 'not interested' message from 1004.
2019/04/12 00:32:44: Peer 1006 received the 'not interested' message from 1005.
2019/04/12 00:32:44: Peer 1006 received the 'not interested' message from 1001.
2019/04/12 00:32:44: Peer 1006 received the 'not interested' message from 1002.
2019/04/12 00:32:44: Peer 1006 received the 'not interested' message from 1004.
2019/04/12 00:32:44: Peer 1006 received the 'not interested' message from 1005.
